<?xml version="1.0" encoding="utf-8"?><testsuites name="pytest tests"><testsuite name="pytest" errors="0" failures="0" skipped="0" tests="5" time="1.000" timestamp="2026-03-11T08:52:29.650046+00:00" hostname="agent-env-ffed7f31-fd71-4d03-98f3-ea01b2fc7d87"><testcase classname="backend.tests.test_api.TestHealthEndpoint" name="test_health_returns_ok" time="0.171" /><testcase classname="backend.tests.test_api.TestEmailAPI" name="test_send_orcamento_email_endpoint_exists" time="0.291" /><testcase classname="backend.tests.test_api.TestEmailAPI" name="test_send_orcamento_email_validation" time="0.104" /><testcase classname="backend.tests.test_api.TestEmailAPI" name="test_send_orcamento_email_invalid_email" time="0.127" /><testcase classname="backend.tests.test_api.TestSendEmailEndpoint" name="test_send_email_endpoint_exists" time="0.259" /></testsuite></testsuites>